<?xml version="1.0" encoding="UTF-8"?>
<!-- Generated by org.testng.reporters.JUnitXMLReporter -->
<testsuite ignored="0" hostname="DESKTOP-EKREN5K" failures="0" tests="2" name="Default test" time="24.888" errors="0" timestamp="2023-10-19T15:09:18 EDT">
  <testcase classname="com.automation.TestNG.day2.AutomationCode_TriCombo" name="loginTest" time="2.193"/>
  <testcase classname="com.automation.TestNG.day2.AutomationCode_TriCombo" name="logoutTest" time="4.435"/>
</testsuite> <!-- Default test -->
