<?xml version="1.0" encoding="UTF-8"?>
<!-- Generated by org.testng.reporters.JUnitXMLReporter -->
<testsuite ignored="0" hostname="DESKTOP-EKREN5K" failures="0" tests="5" name="Test" time="0.504" errors="0" timestamp="2023-12-27T03:28:59 EST">
  <testcase classname="com.automation.TestNG.day4.A" name="loginTest" time="0.045"/>
  <testcase classname="com.automation.TestNG.day4.AA" name="registerTest" time="0.011"/>
  <testcase classname="com.automation.TestNG.day4.AAA" name="editAccountTest" time="0.012"/>
  <testcase classname="com.automation.TestNG.day4.AAAA" name="logoutTest" time="0.016"/>
  <testcase classname="com.automation.TestNG.day4.AAAAA" name="confirmationLogoutTest" time="0.014"/>
</testsuite> <!-- Test -->
