<?xml version="1.0" encoding="UTF-8"?>
<testng-results ignored="0" total="1" passed="1" failed="0" skipped="0">
  <reporter-output>
  </reporter-output>
  <suite started-at="2023-12-29T03:57:01 EST" name="Default suite" finished-at="2023-12-29T03:57:28 EST" duration-ms="27418">
    <groups>
    </groups>
    <test started-at="2023-12-29T03:57:01 EST" name="Default test" finished-at="2023-12-29T03:57:28 EST" duration-ms="27418">
      <class name="com.automation_22_Aug_2023_DataDrivenTesting.TNLoginTestUsingPropertiesFile">
        <test-method signature="loginTest()[pri:0, instance:com.automation_22_Aug_2023_DataDrivenTesting.TNLoginTestUsingPropertiesFile@6fdbe764]" started-at="2023-12-29T03:57:01 EST" name="loginTest" finished-at="2023-12-29T03:57:28 EST" duration-ms="27015" status="PASS">
          <reporter-output>
          </reporter-output>
        </test-method> <!-- loginTest -->
      </class> <!-- com.automation_22_Aug_2023_DataDrivenTesting.TNLoginTestUsingPropertiesFile -->
    </test> <!-- Default test -->
  </suite> <!-- Default suite -->
</testng-results>
