<?xml version="1.0" encoding="UTF-8"?>
<testng-results ignored="0" total="2" passed="2" failed="0" skipped="0">
  <reporter-output>
  </reporter-output>
  <suite started-at="2023-10-19T15:08:53 EDT" name="Default suite" finished-at="2023-10-19T15:09:18 EDT" duration-ms="24888">
    <groups>
    </groups>
    <test started-at="2023-10-19T15:08:53 EDT" name="Default test" finished-at="2023-10-19T15:09:18 EDT" duration-ms="24888">
      <class name="com.automation.TestNG.day2.AutomationCode_TriCombo">
        <test-method is-config="true" signature="setup()[pri:0, instance:com.automation.TestNG.day2.AutomationCode_TriCombo@1e0b4072]" started-at="2023-10-19T15:08:53 EDT" name="setup" finished-at="2023-10-19T15:09:05 EDT" duration-ms="12201" status="PASS">
          <reporter-output>
          </reporter-output>
        </test-method> <!-- setup -->
        <test-method signature="loginTest()[pri:1, instance:com.automation.TestNG.day2.AutomationCode_TriCombo@1e0b4072]" started-at="2023-10-19T15:09:05 EDT" name="loginTest" finished-at="2023-10-19T15:09:07 EDT" duration-ms="2193" status="PASS">
          <reporter-output>
          </reporter-output>
        </test-method> <!-- loginTest -->
        <test-method is-config="true" signature="tearDown()[pri:0, instance:com.automation.TestNG.day2.AutomationCode_TriCombo@1e0b4072]" started-at="2023-10-19T15:09:07 EDT" name="tearDown" finished-at="2023-10-19T15:09:08 EDT" duration-ms="480" status="PASS">
          <reporter-output>
          </reporter-output>
        </test-method> <!-- tearDown -->
        <test-method is-config="true" signature="setup()[pri:0, instance:com.automation.TestNG.day2.AutomationCode_TriCombo@1e0b4072]" started-at="2023-10-19T15:09:08 EDT" name="setup" finished-at="2023-10-19T15:09:13 EDT" duration-ms="4965" status="PASS">
          <reporter-output>
          </reporter-output>
        </test-method> <!-- setup -->
        <test-method signature="logoutTest()[pri:2, instance:com.automation.TestNG.day2.AutomationCode_TriCombo@1e0b4072]" started-at="2023-10-19T15:09:13 EDT" name="logoutTest" finished-at="2023-10-19T15:09:17 EDT" duration-ms="4435" status="PASS">
          <reporter-output>
          </reporter-output>
        </test-method> <!-- logoutTest -->
        <test-method is-config="true" signature="tearDown()[pri:0, instance:com.automation.TestNG.day2.AutomationCode_TriCombo@1e0b4072]" started-at="2023-10-19T15:09:17 EDT" name="tearDown" finished-at="2023-10-19T15:09:18 EDT" duration-ms="494" status="PASS">
          <reporter-output>
          </reporter-output>
        </test-method> <!-- tearDown -->
      </class> <!-- com.automation.TestNG.day2.AutomationCode_TriCombo -->
    </test> <!-- Default test -->
  </suite> <!-- Default suite -->
</testng-results>
